<?xml version="1.0" encoding="UTF-8"?>
<!-- Generated by org.testng.reporters.JUnitReportReporter -->
<testsuite hostname="Sastry-PC" name="qsp.Customer" tests="3" failures="0" timestamp="9 Oct 2017 14:33:27 GMT" time="0.047" errors="0">
  <testcase name="createCustomer" time="0.030" classname="qsp.Customer"/>
  <testcase name="editCustomer" time="0.007" classname="qsp.Customer"/>
  <testcase name="removeCustomer" time="0.010" classname="qsp.Customer"/>
</testsuite> <!-- qsp.Customer -->
