<?xml version="1.0" encoding="UTF-8"?>
<!-- Generated by org.testng.reporters.JUnitReportReporter -->
<testsuite hostname="Sastry-PC" name="qsp.User" tests="3" failures="0" timestamp="9 Oct 2017 14:36:31 GMT" time="0.030" errors="0">
  <testcase name="createuser" time="0.010" classname="qsp.User"/>
  <testcase name="edituser" time="0.010" classname="qsp.User"/>
  <testcase name="removeuser" time="0.010" classname="qsp.User"/>
</testsuite> <!-- qsp.User -->
