<?xml version="1.0" encoding="UTF-8"?>
<!-- Generated by org.testng.reporters.JUnitReportReporter -->
<testsuite hostname="Sastry-PC" name="qsp.DemoA" tests="1" failures="0" timestamp="9 Oct 2017 14:33:27 GMT" time="95.326" errors="0">
  <testcase name="testLogin" time="95.326" classname="qsp.DemoA"/>
</testsuite> <!-- qsp.DemoA -->
