<?xml version="1.0" encoding="UTF-8"?>
<!-- Generated by org.testng.reporters.JUnitReportReporter -->
<testsuite hostname="Sastry-PC" name="qsp.Product" tests="2" failures="0" timestamp="9 Oct 2017 14:33:27 GMT" time="0.100" errors="0">
  <testcase name="editproduct" time="0.000" classname="qsp.Product"/>
  <testcase name="createproduct" time="0.100" classname="qsp.Product"/>
</testsuite> <!-- qsp.Product -->
