<?xml version="1.0" encoding="UTF-8"?>
<!-- Generated by org.testng.reporters.JUnitReportReporter -->
<testsuite hostname="Sastry-PC" name="qsp2.DemoA" tests="1" failures="0" timestamp="13 Oct 2017 17:52:18 GMT" time="30.648" errors="0">
  <testcase name="testLogin" time="30.648" classname="qsp2.DemoA"/>
</testsuite> <!-- qsp2.DemoA -->
